Determining if the pthread_create exist failed with the following output:
Change Dir: /home/gliu/Desktop/Docking_detection_temi/build/CMakeFiles/CMakeTmp

Run Build Command:"/usr/bin/make" "cmTC_db287/fast"
/usr/bin/make -f CMakeFiles/cmTC_db287.dir/build.make CMakeFiles/cmTC_db287.dir/build
make[1]: Entering directory '/home/gliu/Desktop/Docking_detection_temi/build/CMakeFiles/CMakeTmp'
Building C object CMakeFiles/cmTC_db287.dir/CheckSymbolExists.c.o
/usr/bin/cc     -o CMakeFiles/cmTC_db287.dir/CheckSymbolExists.c.o   -c /home/gliu/Desktop/Docking_detection_temi/build/CMakeFiles/CMakeTmp/CheckSymbolExists.c
Linking C executable cmTC_db287
/usr/bin/cmake -E cmake_link_script CMakeFiles/cmTC_db287.dir/link.txt --verbose=1
/usr/bin/cc       CMakeFiles/cmTC_db287.dir/CheckSymbolExists.c.o  -o cmTC_db287 -rdynamic 
CMakeFiles/cmTC_db287.dir/CheckSymbolExists.c.o: In function `main':
CheckSymbolExists.c:(.text+0x16): undefined reference to `pthread_create'
collect2: error: ld returned 1 exit status
CMakeFiles/cmTC_db287.dir/build.make:97: recipe for target 'cmTC_db287' failed
make[1]: *** [cmTC_db287] Error 1
make[1]: Leaving directory '/home/gliu/Desktop/Docking_detection_temi/build/CMakeFiles/CMakeTmp'
Makefile:126: recipe for target 'cmTC_db287/fast' failed
make: *** [cmTC_db287/fast] Error 2

File /home/gliu/Desktop/Docking_detection_temi/build/CMakeFiles/CMakeTmp/CheckSymbolExists.c:
/* */
#include <pthread.h>

int main(int argc, char** argv)
{
  (void)argv;
#ifndef pthread_create
  return ((int*)(&pthread_create))[argc];
#else
  (void)argc;
  return 0;
#endif
}

Determining if the function pthread_create exists in the pthreads failed with the following output:
Change Dir: /home/gliu/Desktop/Docking_detection_temi/build/CMakeFiles/CMakeTmp

Run Build Command:"/usr/bin/make" "cmTC_b0cdf/fast"
/usr/bin/make -f CMakeFiles/cmTC_b0cdf.dir/build.make CMakeFiles/cmTC_b0cdf.dir/build
make[1]: Entering directory '/home/gliu/Desktop/Docking_detection_temi/build/CMakeFiles/CMakeTmp'
Building C object CMakeFiles/cmTC_b0cdf.dir/CheckFunctionExists.c.o
/usr/bin/cc    -DCHECK_FUNCTION_EXISTS=pthread_create   -o CMakeFiles/cmTC_b0cdf.dir/CheckFunctionExists.c.o   -c /usr/share/cmake-3.5/Modules/CheckFunctionExists.c
Linking C executable cmTC_b0cdf
/usr/bin/cmake -E cmake_link_script CMakeFiles/cmTC_b0cdf.dir/link.txt --verbose=1
/usr/bin/cc   -DCHECK_FUNCTION_EXISTS=pthread_create    CMakeFiles/cmTC_b0cdf.dir/CheckFunctionExists.c.o  -o cmTC_b0cdf -rdynamic -lpthreads 
/usr/bin/ld: cannot find -lpthreads
collect2: error: ld returned 1 exit status
CMakeFiles/cmTC_b0cdf.dir/build.make:97: recipe for target 'cmTC_b0cdf' failed
make[1]: *** [cmTC_b0cdf] Error 1
make[1]: Leaving directory '/home/gliu/Desktop/Docking_detection_temi/build/CMakeFiles/CMakeTmp'
Makefile:126: recipe for target 'cmTC_b0cdf/fast' failed
make: *** [cmTC_b0cdf/fast] Error 2


